Performing C SOURCE FILE Test CMAKE_HAVE_LIBC_PTHREAD failed with the following output:
Change Dir: /home/hyx/Code/map_evaluation_tools/build/temp.linux-x86_64-2.7/CMakeFiles/CMakeTmp

Run Build Command(s):/usr/bin/make cmTC_2c36a/fast && /usr/bin/make -f CMakeFiles/cmTC_2c36a.dir/build.make CMakeFiles/cmTC_2c36a.dir/build
make[1]: Entering directory '/home/hyx/Code/map_evaluation_tools/build/temp.linux-x86_64-2.7/CMakeFiles/CMakeTmp'
Building C object CMakeFiles/cmTC_2c36a.dir/src.c.o
/usr/bin/cc   -DCMAKE_HAVE_LIBC_PTHREAD   -o CMakeFiles/cmTC_2c36a.dir/src.c.o   -c /home/hyx/Code/map_evaluation_tools/build/temp.linux-x86_64-2.7/CMakeFiles/CMakeTmp/src.c
Linking C executable cmTC_2c36a
/opt/cmake-3.16.2/bin/cmake -E cmake_link_script CMakeFiles/cmTC_2c36a.dir/link.txt --verbose=1
/usr/bin/cc  -DCMAKE_HAVE_LIBC_PTHREAD    -rdynamic CMakeFiles/cmTC_2c36a.dir/src.c.o  -o cmTC_2c36a 
CMakeFiles/cmTC_2c36a.dir/src.c.o: In function `main':
src.c:(.text+0x3e): undefined reference to `pthread_create'
src.c:(.text+0x4a): undefined reference to `pthread_detach'
src.c:(.text+0x5b): undefined reference to `pthread_join'
src.c:(.text+0x6f): undefined reference to `pthread_atfork'
collect2: error: ld returned 1 exit status
CMakeFiles/cmTC_2c36a.dir/build.make:86: recipe for target 'cmTC_2c36a' failed
make[1]: *** [cmTC_2c36a] Error 1
make[1]: Leaving directory '/home/hyx/Code/map_evaluation_tools/build/temp.linux-x86_64-2.7/CMakeFiles/CMakeTmp'
Makefile:121: recipe for target 'cmTC_2c36a/fast' failed
make: *** [cmTC_2c36a/fast] Error 2


Source file was:
#include <pthread.h>

void* test_func(void* data)
{
  return data;
}

int main(void)
{
  pthread_t thread;
  pthread_create(&thread, NULL, test_func, NULL);
  pthread_detach(thread);
  pthread_join(thread, NULL);
  pthread_atfork(NULL, NULL, NULL);
  pthread_exit(NULL);

  return 0;
}

Determining if the function pthread_create exists in the pthreads failed with the following output:
Change Dir: /home/hyx/Code/map_evaluation_tools/build/temp.linux-x86_64-2.7/CMakeFiles/CMakeTmp

Run Build Command(s):/usr/bin/make cmTC_5febf/fast && /usr/bin/make -f CMakeFiles/cmTC_5febf.dir/build.make CMakeFiles/cmTC_5febf.dir/build
make[1]: Entering directory '/home/hyx/Code/map_evaluation_tools/build/temp.linux-x86_64-2.7/CMakeFiles/CMakeTmp'
Building C object CMakeFiles/cmTC_5febf.dir/CheckFunctionExists.c.o
/usr/bin/cc   -DCHECK_FUNCTION_EXISTS=pthread_create   -o CMakeFiles/cmTC_5febf.dir/CheckFunctionExists.c.o   -c /opt/cmake-3.16.2/share/cmake-3.16/Modules/CheckFunctionExists.c
Linking C executable cmTC_5febf
/opt/cmake-3.16.2/bin/cmake -E cmake_link_script CMakeFiles/cmTC_5febf.dir/link.txt --verbose=1
/usr/bin/cc  -DCHECK_FUNCTION_EXISTS=pthread_create    -rdynamic CMakeFiles/cmTC_5febf.dir/CheckFunctionExists.c.o  -o cmTC_5febf  -lpthreads 
/usr/bin/ld: cannot find -lpthreads
collect2: error: ld returned 1 exit status
CMakeFiles/cmTC_5febf.dir/build.make:86: recipe for target 'cmTC_5febf' failed
make[1]: *** [cmTC_5febf] Error 1
make[1]: Leaving directory '/home/hyx/Code/map_evaluation_tools/build/temp.linux-x86_64-2.7/CMakeFiles/CMakeTmp'
Makefile:121: recipe for target 'cmTC_5febf/fast' failed
make: *** [cmTC_5febf/fast] Error 2



